c:\users\mirov\source\repos\plantapp\plantapp\x64\release\vc143.pdb
c:\users\mirov\source\repos\plantapp\plantapp\x64\release\.netframework,version=v4.8.1.assemblyattributes.obj
c:\users\mirov\source\repos\plantapp\plantapp\x64\release\registerform.obj
c:\users\mirov\source\repos\plantapp\plantapp\x64\release\mainform.obj
c:\users\mirov\source\repos\plantapp\plantapp\x64\release\loginform.obj
c:\users\mirov\source\repos\plantapp\x64\release\mysql.data.dll
c:\users\mirov\source\repos\plantapp\x64\release\system.memory.dll
c:\users\mirov\source\repos\plantapp\x64\release\system.threading.tasks.extensions.dll
c:\users\mirov\source\repos\plantapp\x64\release\system.numerics.vectors.dll
c:\users\mirov\source\repos\plantapp\x64\release\system.buffers.dll
c:\users\mirov\source\repos\plantapp\x64\release\mysql.data.xml
c:\users\mirov\source\repos\plantapp\x64\release\plantapp.exe
c:\users\mirov\source\repos\plantapp\x64\release\plantapp.pdb
c:\users\mirov\source\repos\plantapp\plantapp\x64\release\plantapp.tlog\cl.command.1.tlog
c:\users\mirov\source\repos\plantapp\plantapp\x64\release\plantapp.tlog\cl.items.tlog
c:\users\mirov\source\repos\plantapp\plantapp\x64\release\plantapp.tlog\cl.read.1.tlog
c:\users\mirov\source\repos\plantapp\plantapp\x64\release\plantapp.tlog\cl.write.1.tlog
c:\users\mirov\source\repos\plantapp\plantapp\x64\release\plantapp.tlog\copylocal.read.1u.tlog
c:\users\mirov\source\repos\plantapp\plantapp\x64\release\plantapp.tlog\copylocal.write.1u.tlog
c:\users\mirov\source\repos\plantapp\plantapp\x64\release\plantapp.tlog\link.command.1.tlog
c:\users\mirov\source\repos\plantapp\plantapp\x64\release\plantapp.tlog\link.read.1.tlog
c:\users\mirov\source\repos\plantapp\plantapp\x64\release\plantapp.tlog\link.secondary.1.tlog
c:\users\mirov\source\repos\plantapp\plantapp\x64\release\plantapp.tlog\link.write.1.tlog
c:\users\mirov\source\repos\plantapp\plantapp\x64\release\plantapp.tlog\metagen.read.1.tlog
c:\users\mirov\source\repos\plantapp\plantapp\x64\release\plantapp.tlog\metagen.write.1.tlog
c:\users\mirov\source\repos\plantapp\plantapp\x64\release\plantapp.tlog\resgen.command.1.tlog
c:\users\mirov\source\repos\plantapp\plantapp\x64\release\plantapp.tlog\resgen.read.1.tlog
c:\users\mirov\source\repos\plantapp\plantapp\x64\release\plantapp.tlog\resgen.write.1.tlog
